Time: 1.9.2025, 11:15:30
Error: Table 'dhnaturally.products' doesn't exist
Stack: Error: Table 'dhnaturally.products' doesn't exist
    at Packet.asError (C:\Codes\dhnaturally\Backend\node_modules\mysql2\lib\packets\packet.js:740:17)
    at Query.execute (C:\Codes\dhnaturally\Backend\node_modules\mysql2\lib\commands\command.js:29:26)
    at PoolConnection.handlePacket (C:\Codes\dhnaturally\Backend\node_modules\mysql2\lib\base\connection.js:475:34)
    at PacketParser.onPacket (C:\Codes\dhnaturally\Backend\node_modules\mysql2\lib\base\connection.js:93:12)
    at PacketParser.executeStart (C:\Codes\dhnaturally\Backend\node_modules\mysql2\lib\packet_parser.js:75:16)
    at Socket.<anonymous> (C:\Codes\dhnaturally\Backend\node_modules\mysql2\lib\base\connection.js:100:25)
    at Socket.emit (node:events:524:28)
    at Socket.emit (node:domain:489:12)
    at addChunk (node:internal/streams/readable:561:12)
    at readableAddChunkPushByteMode (node:internal/streams/readable:512:3)

-----------------------------------------------------

Time: 1.9.2025, 11:17:00
Error: Table 'dhnaturally.products' doesn't exist
Stack: Error: Table 'dhnaturally.products' doesn't exist
    at Packet.asError (C:\Codes\dhnaturally\Backend\node_modules\mysql2\lib\packets\packet.js:740:17)
    at Query.execute (C:\Codes\dhnaturally\Backend\node_modules\mysql2\lib\commands\command.js:29:26)
    at PoolConnection.handlePacket (C:\Codes\dhnaturally\Backend\node_modules\mysql2\lib\base\connection.js:475:34)
    at PacketParser.onPacket (C:\Codes\dhnaturally\Backend\node_modules\mysql2\lib\base\connection.js:93:12)
    at PacketParser.executeStart (C:\Codes\dhnaturally\Backend\node_modules\mysql2\lib\packet_parser.js:75:16)
    at Socket.<anonymous> (C:\Codes\dhnaturally\Backend\node_modules\mysql2\lib\base\connection.js:100:25)
    at Socket.emit (node:events:524:28)
    at Socket.emit (node:domain:489:12)
    at addChunk (node:internal/streams/readable:561:12)
    at readableAddChunkPushByteMode (node:internal/streams/readable:512:3)

-----------------------------------------------------

Time: 1.9.2025, 11:19:22
Error: Table 'dhnaturally.products' doesn't exist
Stack: Error: Table 'dhnaturally.products' doesn't exist
    at Packet.asError (C:\Codes\dhnaturally\Backend\node_modules\mysql2\lib\packets\packet.js:740:17)
    at Query.execute (C:\Codes\dhnaturally\Backend\node_modules\mysql2\lib\commands\command.js:29:26)
    at PoolConnection.handlePacket (C:\Codes\dhnaturally\Backend\node_modules\mysql2\lib\base\connection.js:475:34)
    at PacketParser.onPacket (C:\Codes\dhnaturally\Backend\node_modules\mysql2\lib\base\connection.js:93:12)
    at PacketParser.executeStart (C:\Codes\dhnaturally\Backend\node_modules\mysql2\lib\packet_parser.js:75:16)
    at Socket.<anonymous> (C:\Codes\dhnaturally\Backend\node_modules\mysql2\lib\base\connection.js:100:25)
    at Socket.emit (node:events:524:28)
    at Socket.emit (node:domain:489:12)
    at addChunk (node:internal/streams/readable:561:12)
    at readableAddChunkPushByteMode (node:internal/streams/readable:512:3)

-----------------------------------------------------

Time: 1.9.2025, 11:19:22
Error: Table 'dhnaturally.products' doesn't exist
Stack: Error: Table 'dhnaturally.products' doesn't exist
    at Packet.asError (C:\Codes\dhnaturally\Backend\node_modules\mysql2\lib\packets\packet.js:740:17)
    at Query.execute (C:\Codes\dhnaturally\Backend\node_modules\mysql2\lib\commands\command.js:29:26)
    at PoolConnection.handlePacket (C:\Codes\dhnaturally\Backend\node_modules\mysql2\lib\base\connection.js:475:34)
    at PacketParser.onPacket (C:\Codes\dhnaturally\Backend\node_modules\mysql2\lib\base\connection.js:93:12)
    at PacketParser.executeStart (C:\Codes\dhnaturally\Backend\node_modules\mysql2\lib\packet_parser.js:75:16)
    at Socket.<anonymous> (C:\Codes\dhnaturally\Backend\node_modules\mysql2\lib\base\connection.js:100:25)
    at Socket.emit (node:events:524:28)
    at Socket.emit (node:domain:489:12)
    at addChunk (node:internal/streams/readable:561:12)
    at readableAddChunkPushByteMode (node:internal/streams/readable:512:3)

-----------------------------------------------------

Time: 1.9.2025, 11:21:43
Error: Unknown database 'dhnaturally_db'
Stack: Error: Unknown database 'dhnaturally_db'
    at Packet.asError (C:\Codes\dhnaturally\Backend\node_modules\mysql2\lib\packets\packet.js:740:17)
    at ClientHandshake.execute (C:\Codes\dhnaturally\Backend\node_modules\mysql2\lib\commands\command.js:29:26)
    at PoolConnection.handlePacket (C:\Codes\dhnaturally\Backend\node_modules\mysql2\lib\base\connection.js:475:34)
    at PacketParser.onPacket (C:\Codes\dhnaturally\Backend\node_modules\mysql2\lib\base\connection.js:93:12)
    at PacketParser.executeStart (C:\Codes\dhnaturally\Backend\node_modules\mysql2\lib\packet_parser.js:75:16)
    at Socket.<anonymous> (C:\Codes\dhnaturally\Backend\node_modules\mysql2\lib\base\connection.js:100:25)
    at Socket.emit (node:events:524:28)
    at Socket.emit (node:domain:489:12)
    at addChunk (node:internal/streams/readable:561:12)
    at readableAddChunkPushByteMode (node:internal/streams/readable:512:3)

-----------------------------------------------------

Time: 1.9.2025, 11:21:43
Error: Unknown database 'dhnaturally_db'
Stack: Error: Unknown database 'dhnaturally_db'
    at Packet.asError (C:\Codes\dhnaturally\Backend\node_modules\mysql2\lib\packets\packet.js:740:17)
    at ClientHandshake.execute (C:\Codes\dhnaturally\Backend\node_modules\mysql2\lib\commands\command.js:29:26)
    at PoolConnection.handlePacket (C:\Codes\dhnaturally\Backend\node_modules\mysql2\lib\base\connection.js:475:34)
    at PacketParser.onPacket (C:\Codes\dhnaturally\Backend\node_modules\mysql2\lib\base\connection.js:93:12)
    at PacketParser.executeStart (C:\Codes\dhnaturally\Backend\node_modules\mysql2\lib\packet_parser.js:75:16)
    at Socket.<anonymous> (C:\Codes\dhnaturally\Backend\node_modules\mysql2\lib\base\connection.js:100:25)
    at Socket.emit (node:events:524:28)
    at Socket.emit (node:domain:489:12)
    at addChunk (node:internal/streams/readable:561:12)
    at readableAddChunkPushByteMode (node:internal/streams/readable:512:3)

-----------------------------------------------------

Time: 1.9.2025, 11:27:01
Error: Unknown database 'dhnaturally_db'
Stack: Error: Unknown database 'dhnaturally_db'
    at Packet.asError (C:\Codes\dhnaturally\Backend\node_modules\mysql2\lib\packets\packet.js:740:17)
    at ClientHandshake.execute (C:\Codes\dhnaturally\Backend\node_modules\mysql2\lib\commands\command.js:29:26)
    at PoolConnection.handlePacket (C:\Codes\dhnaturally\Backend\node_modules\mysql2\lib\base\connection.js:475:34)
    at PacketParser.onPacket (C:\Codes\dhnaturally\Backend\node_modules\mysql2\lib\base\connection.js:93:12)
    at PacketParser.executeStart (C:\Codes\dhnaturally\Backend\node_modules\mysql2\lib\packet_parser.js:75:16)
    at Socket.<anonymous> (C:\Codes\dhnaturally\Backend\node_modules\mysql2\lib\base\connection.js:100:25)
    at Socket.emit (node:events:524:28)
    at Socket.emit (node:domain:489:12)
    at addChunk (node:internal/streams/readable:561:12)
    at readableAddChunkPushByteMode (node:internal/streams/readable:512:3)

-----------------------------------------------------

Time: 1.9.2025, 11:32:23
Error: Unknown database 'dhnaturally_db'
Stack: Error: Unknown database 'dhnaturally_db'
    at Packet.asError (C:\Codes\dhnaturally\Backend\node_modules\mysql2\lib\packets\packet.js:740:17)
    at ClientHandshake.execute (C:\Codes\dhnaturally\Backend\node_modules\mysql2\lib\commands\command.js:29:26)
    at PoolConnection.handlePacket (C:\Codes\dhnaturally\Backend\node_modules\mysql2\lib\base\connection.js:475:34)
    at PacketParser.onPacket (C:\Codes\dhnaturally\Backend\node_modules\mysql2\lib\base\connection.js:93:12)
    at PacketParser.executeStart (C:\Codes\dhnaturally\Backend\node_modules\mysql2\lib\packet_parser.js:75:16)
    at Socket.<anonymous> (C:\Codes\dhnaturally\Backend\node_modules\mysql2\lib\base\connection.js:100:25)
    at Socket.emit (node:events:524:28)
    at Socket.emit (node:domain:489:12)
    at addChunk (node:internal/streams/readable:561:12)
    at readableAddChunkPushByteMode (node:internal/streams/readable:512:3)

-----------------------------------------------------

Time: 1.9.2025, 11:40:17
Error: Route /api/products/images/anacardium-orientale.jpg not found.

-----------------------------------------------------

Time: 1.9.2025, 11:40:17
Error: Route /api/products/images/antimonium-crudum.jpg not found.

-----------------------------------------------------

Time: 1.9.2025, 11:40:17
Error: Route /api/products/images/apis-mellifica.jpg not found.

-----------------------------------------------------

Time: 1.9.2025, 11:40:17
Error: Route /api/products/images/arnica-montana.jpg not found.

-----------------------------------------------------

Time: 1.9.2025, 11:40:17
Error: Route /api/products/images/arsenicum-album.jpg not found.

-----------------------------------------------------

Time: 1.9.2025, 11:40:17
Error: Route /api/products/images/baryta-carbonica.jpg not found.

-----------------------------------------------------

Time: 1.9.2025, 11:40:17
Error: Route /api/products/images/berberis-vulgaris.jpg not found.

-----------------------------------------------------

Time: 1.9.2025, 11:40:17
Error: Route /api/products/images/bitter-melon.jpg not found.

-----------------------------------------------------

Time: 1.9.2025, 11:40:17
Error: Route /api/products/images/bryonia-alba.jpg not found.

-----------------------------------------------------

Time: 1.9.2025, 11:40:17
Error: Route /api/products/images/caffea-cruda.jpg not found.

-----------------------------------------------------

Time: 1.9.2025, 11:40:17
Error: Route /api/products/images/calcarea-carbonica.jpg not found.

-----------------------------------------------------

Time: 1.9.2025, 11:40:17
Error: Route /api/products/images/calendula-officinalis.jpg not found.

-----------------------------------------------------

Time: 1.9.2025, 11:40:17
Error: Route /api/products/images/caulophyllum-thalictroides.jpg not found.

-----------------------------------------------------

Time: 1.9.2025, 11:40:17
Error: Route /api/products/images/carbo-vegetalis.jpg not found.

-----------------------------------------------------

Time: 1.9.2025, 11:40:17
Error: Route /api/products/images/colchicum-autumnale.jpg not found.

-----------------------------------------------------

Time: 1.9.2025, 11:40:17
Error: Route /api/products/images/fel-tauri.jpg not found.

-----------------------------------------------------

Time: 1.9.2025, 11:40:18
Error: Route /api/products/images/ginkgo-biloba.jpg not found.

-----------------------------------------------------

Time: 1.9.2025, 11:40:18
Error: Route /api/products/images/green-tea-extract.jpg not found.

-----------------------------------------------------

Time: 1.9.2025, 11:40:18
Error: Route /api/products/images/graphites.jpg not found.

-----------------------------------------------------

Time: 1.9.2025, 11:40:18
Error: Route /api/products/images/gymnema-sylvestre.jpg not found.

-----------------------------------------------------

Time: 1.9.2025, 11:40:19
Error: Route /api/products/images/hgh-support.jpg not found.

-----------------------------------------------------

Time: 1.9.2025, 11:40:19
Error: Route /api/products/images/hypericum-perforatum.jpg not found.

-----------------------------------------------------

Time: 1.9.2025, 11:40:19
Error: Route /api/products/images/ignatia-amara.jpg not found.

-----------------------------------------------------

Time: 1.9.2025, 11:40:19
Error: Route /api/products/images/iris-versicolor.jpg not found.

-----------------------------------------------------

Time: 1.9.2025, 11:47:56
Error: Route /api/products/images/product.png not found.

-----------------------------------------------------

Time: 1.9.2025, 11:51:05
Error: Route /api/products/images/product.png not found.

-----------------------------------------------------

Time: 1.9.2025, 12:02:36
Error: Route /api/products/images/product.png not found.

-----------------------------------------------------

Time: 1.9.2025, 12:08:47
Error: Route /api/products/images/product.png not found.

-----------------------------------------------------

Time: 1.9.2025, 12:13:14
Error: Route /api/products/images/product.png not found.

-----------------------------------------------------

Time: 1.9.2025, 12:20:13
Error: Route /api/products/images/product.png not found.

-----------------------------------------------------

Time: 1.9.2025, 12:50:50
Error: Route /api/products/images/product.png not found.

-----------------------------------------------------

Time: 1.9.2025, 12:54:40
Error: Route /api/products/images/product.png not found.

-----------------------------------------------------

Time: 1.9.2025, 12:57:01
Error: Route /api/products/images/product.png not found.

-----------------------------------------------------

Time: 1.9.2025, 12:57:40
Error: Route /api/products/images/product.png not found.

-----------------------------------------------------

Time: 1.9.2025, 12:58:05
Error: Route /api/products/images/product.png not found.

-----------------------------------------------------

Time: 1.9.2025, 12:58:23
Error: Route /api/products/images/product.png not found.

-----------------------------------------------------

Time: 1.9.2025, 12:58:28
Error: Route /api/products/images/product.png not found.

-----------------------------------------------------

Time: 1.9.2025, 12:58:57
Error: Route /api/products/images/product.png not found.

-----------------------------------------------------

Time: 1.9.2025, 12:59:29
Error: Unknown database 'dhnaturally_db'
Stack: Error: Unknown database 'dhnaturally_db'
    at Packet.asError (C:\Codes\dhnaturally\Backend\node_modules\mysql2\lib\packets\packet.js:740:17)
    at Query.execute (C:\Codes\dhnaturally\Backend\node_modules\mysql2\lib\commands\command.js:29:26)
    at PoolConnection.handlePacket (C:\Codes\dhnaturally\Backend\node_modules\mysql2\lib\base\connection.js:475:34)
    at PacketParser.onPacket (C:\Codes\dhnaturally\Backend\node_modules\mysql2\lib\base\connection.js:93:12)
    at PacketParser.executeStart (C:\Codes\dhnaturally\Backend\node_modules\mysql2\lib\packet_parser.js:75:16)
    at Socket.<anonymous> (C:\Codes\dhnaturally\Backend\node_modules\mysql2\lib\base\connection.js:100:25)
    at Socket.emit (node:events:524:28)
    at Socket.emit (node:domain:489:12)
    at addChunk (node:internal/streams/readable:561:12)
    at readableAddChunkPushByteMode (node:internal/streams/readable:512:3)

-----------------------------------------------------

Time: 1.9.2025, 12:59:40
Error: Route /api/products/images/product.png not found.

-----------------------------------------------------

Time: 2.9.2025, 11:27:42
Error: Table 'dhnaturally_db.articles' doesn't exist
Stack: Error: Table 'dhnaturally_db.articles' doesn't exist
    at Packet.asError (C:\Codes\dhnaturally\Backend\node_modules\mysql2\lib\packets\packet.js:740:17)
    at Query.execute (C:\Codes\dhnaturally\Backend\node_modules\mysql2\lib\commands\command.js:29:26)
    at PoolConnection.handlePacket (C:\Codes\dhnaturally\Backend\node_modules\mysql2\lib\base\connection.js:475:34)
    at PacketParser.onPacket (C:\Codes\dhnaturally\Backend\node_modules\mysql2\lib\base\connection.js:93:12)
    at PacketParser.executeStart (C:\Codes\dhnaturally\Backend\node_modules\mysql2\lib\packet_parser.js:75:16)
    at Socket.<anonymous> (C:\Codes\dhnaturally\Backend\node_modules\mysql2\lib\base\connection.js:100:25)
    at Socket.emit (node:events:524:28)
    at Socket.emit (node:domain:489:12)
    at addChunk (node:internal/streams/readable:561:12)
    at readableAddChunkPushByteMode (node:internal/streams/readable:512:3)

-----------------------------------------------------

Time: 2.9.2025, 11:27:43
Error: Table 'dhnaturally_db.articles' doesn't exist
Stack: Error: Table 'dhnaturally_db.articles' doesn't exist
    at Packet.asError (C:\Codes\dhnaturally\Backend\node_modules\mysql2\lib\packets\packet.js:740:17)
    at Query.execute (C:\Codes\dhnaturally\Backend\node_modules\mysql2\lib\commands\command.js:29:26)
    at PoolConnection.handlePacket (C:\Codes\dhnaturally\Backend\node_modules\mysql2\lib\base\connection.js:475:34)
    at PacketParser.onPacket (C:\Codes\dhnaturally\Backend\node_modules\mysql2\lib\base\connection.js:93:12)
    at PacketParser.executeStart (C:\Codes\dhnaturally\Backend\node_modules\mysql2\lib\packet_parser.js:75:16)
    at Socket.<anonymous> (C:\Codes\dhnaturally\Backend\node_modules\mysql2\lib\base\connection.js:100:25)
    at Socket.emit (node:events:524:28)
    at Socket.emit (node:domain:489:12)
    at addChunk (node:internal/streams/readable:561:12)
    at readableAddChunkPushByteMode (node:internal/streams/readable:512:3)

-----------------------------------------------------

Time: 2.9.2025, 11:27:45
Error: Table 'dhnaturally_db.articles' doesn't exist
Stack: Error: Table 'dhnaturally_db.articles' doesn't exist
    at Packet.asError (C:\Codes\dhnaturally\Backend\node_modules\mysql2\lib\packets\packet.js:740:17)
    at Query.execute (C:\Codes\dhnaturally\Backend\node_modules\mysql2\lib\commands\command.js:29:26)
    at PoolConnection.handlePacket (C:\Codes\dhnaturally\Backend\node_modules\mysql2\lib\base\connection.js:475:34)
    at PacketParser.onPacket (C:\Codes\dhnaturally\Backend\node_modules\mysql2\lib\base\connection.js:93:12)
    at PacketParser.executeStart (C:\Codes\dhnaturally\Backend\node_modules\mysql2\lib\packet_parser.js:75:16)
    at Socket.<anonymous> (C:\Codes\dhnaturally\Backend\node_modules\mysql2\lib\base\connection.js:100:25)
    at Socket.emit (node:events:524:28)
    at Socket.emit (node:domain:489:12)
    at addChunk (node:internal/streams/readable:561:12)
    at readableAddChunkPushByteMode (node:internal/streams/readable:512:3)

-----------------------------------------------------

Time: 2.9.2025, 11:27:45
Error: Table 'dhnaturally_db.articles' doesn't exist
Stack: Error: Table 'dhnaturally_db.articles' doesn't exist
    at Packet.asError (C:\Codes\dhnaturally\Backend\node_modules\mysql2\lib\packets\packet.js:740:17)
    at Query.execute (C:\Codes\dhnaturally\Backend\node_modules\mysql2\lib\commands\command.js:29:26)
    at PoolConnection.handlePacket (C:\Codes\dhnaturally\Backend\node_modules\mysql2\lib\base\connection.js:475:34)
    at PacketParser.onPacket (C:\Codes\dhnaturally\Backend\node_modules\mysql2\lib\base\connection.js:93:12)
    at PacketParser.executeStart (C:\Codes\dhnaturally\Backend\node_modules\mysql2\lib\packet_parser.js:75:16)
    at Socket.<anonymous> (C:\Codes\dhnaturally\Backend\node_modules\mysql2\lib\base\connection.js:100:25)
    at Socket.emit (node:events:524:28)
    at Socket.emit (node:domain:489:12)
    at addChunk (node:internal/streams/readable:561:12)
    at readableAddChunkPushByteMode (node:internal/streams/readable:512:3)

-----------------------------------------------------

Time: 2.9.2025, 11:27:46
Error: Table 'dhnaturally_db.articles' doesn't exist
Stack: Error: Table 'dhnaturally_db.articles' doesn't exist
    at Packet.asError (C:\Codes\dhnaturally\Backend\node_modules\mysql2\lib\packets\packet.js:740:17)
    at Query.execute (C:\Codes\dhnaturally\Backend\node_modules\mysql2\lib\commands\command.js:29:26)
    at PoolConnection.handlePacket (C:\Codes\dhnaturally\Backend\node_modules\mysql2\lib\base\connection.js:475:34)
    at PacketParser.onPacket (C:\Codes\dhnaturally\Backend\node_modules\mysql2\lib\base\connection.js:93:12)
    at PacketParser.executeStart (C:\Codes\dhnaturally\Backend\node_modules\mysql2\lib\packet_parser.js:75:16)
    at Socket.<anonymous> (C:\Codes\dhnaturally\Backend\node_modules\mysql2\lib\base\connection.js:100:25)
    at Socket.emit (node:events:524:28)
    at Socket.emit (node:domain:489:12)
    at addChunk (node:internal/streams/readable:561:12)
    at readableAddChunkPushByteMode (node:internal/streams/readable:512:3)

-----------------------------------------------------

Time: 2.9.2025, 11:27:46
Error: Table 'dhnaturally_db.articles' doesn't exist
Stack: Error: Table 'dhnaturally_db.articles' doesn't exist
    at Packet.asError (C:\Codes\dhnaturally\Backend\node_modules\mysql2\lib\packets\packet.js:740:17)
    at Query.execute (C:\Codes\dhnaturally\Backend\node_modules\mysql2\lib\commands\command.js:29:26)
    at PoolConnection.handlePacket (C:\Codes\dhnaturally\Backend\node_modules\mysql2\lib\base\connection.js:475:34)
    at PacketParser.onPacket (C:\Codes\dhnaturally\Backend\node_modules\mysql2\lib\base\connection.js:93:12)
    at PacketParser.executeStart (C:\Codes\dhnaturally\Backend\node_modules\mysql2\lib\packet_parser.js:75:16)
    at Socket.<anonymous> (C:\Codes\dhnaturally\Backend\node_modules\mysql2\lib\base\connection.js:100:25)
    at Socket.emit (node:events:524:28)
    at Socket.emit (node:domain:489:12)
    at addChunk (node:internal/streams/readable:561:12)
    at readableAddChunkPushByteMode (node:internal/streams/readable:512:3)

-----------------------------------------------------

Time: 2.9.2025, 11:27:47
Error: Table 'dhnaturally_db.articles' doesn't exist
Stack: Error: Table 'dhnaturally_db.articles' doesn't exist
    at Packet.asError (C:\Codes\dhnaturally\Backend\node_modules\mysql2\lib\packets\packet.js:740:17)
    at Query.execute (C:\Codes\dhnaturally\Backend\node_modules\mysql2\lib\commands\command.js:29:26)
    at PoolConnection.handlePacket (C:\Codes\dhnaturally\Backend\node_modules\mysql2\lib\base\connection.js:475:34)
    at PacketParser.onPacket (C:\Codes\dhnaturally\Backend\node_modules\mysql2\lib\base\connection.js:93:12)
    at PacketParser.executeStart (C:\Codes\dhnaturally\Backend\node_modules\mysql2\lib\packet_parser.js:75:16)
    at Socket.<anonymous> (C:\Codes\dhnaturally\Backend\node_modules\mysql2\lib\base\connection.js:100:25)
    at Socket.emit (node:events:524:28)
    at Socket.emit (node:domain:489:12)
    at addChunk (node:internal/streams/readable:561:12)
    at readableAddChunkPushByteMode (node:internal/streams/readable:512:3)

-----------------------------------------------------

Time: 2.9.2025, 11:27:47
Error: Table 'dhnaturally_db.articles' doesn't exist
Stack: Error: Table 'dhnaturally_db.articles' doesn't exist
    at Packet.asError (C:\Codes\dhnaturally\Backend\node_modules\mysql2\lib\packets\packet.js:740:17)
    at Query.execute (C:\Codes\dhnaturally\Backend\node_modules\mysql2\lib\commands\command.js:29:26)
    at PoolConnection.handlePacket (C:\Codes\dhnaturally\Backend\node_modules\mysql2\lib\base\connection.js:475:34)
    at PacketParser.onPacket (C:\Codes\dhnaturally\Backend\node_modules\mysql2\lib\base\connection.js:93:12)
    at PacketParser.executeStart (C:\Codes\dhnaturally\Backend\node_modules\mysql2\lib\packet_parser.js:75:16)
    at Socket.<anonymous> (C:\Codes\dhnaturally\Backend\node_modules\mysql2\lib\base\connection.js:100:25)
    at Socket.emit (node:events:524:28)
    at Socket.emit (node:domain:489:12)
    at addChunk (node:internal/streams/readable:561:12)
    at readableAddChunkPushByteMode (node:internal/streams/readable:512:3)

-----------------------------------------------------

Time: 2.9.2025, 11:28:58
Error: Table 'dhnaturally_db.articles' doesn't exist
Stack: Error: Table 'dhnaturally_db.articles' doesn't exist
    at Packet.asError (C:\Codes\dhnaturally\Backend\node_modules\mysql2\lib\packets\packet.js:740:17)
    at Query.execute (C:\Codes\dhnaturally\Backend\node_modules\mysql2\lib\commands\command.js:29:26)
    at PoolConnection.handlePacket (C:\Codes\dhnaturally\Backend\node_modules\mysql2\lib\base\connection.js:475:34)
    at PacketParser.onPacket (C:\Codes\dhnaturally\Backend\node_modules\mysql2\lib\base\connection.js:93:12)
    at PacketParser.executeStart (C:\Codes\dhnaturally\Backend\node_modules\mysql2\lib\packet_parser.js:75:16)
    at Socket.<anonymous> (C:\Codes\dhnaturally\Backend\node_modules\mysql2\lib\base\connection.js:100:25)
    at Socket.emit (node:events:524:28)
    at Socket.emit (node:domain:489:12)
    at addChunk (node:internal/streams/readable:561:12)
    at readableAddChunkPushByteMode (node:internal/streams/readable:512:3)

-----------------------------------------------------

Time: 2.9.2025, 11:28:58
Error: Table 'dhnaturally_db.articles' doesn't exist
Stack: Error: Table 'dhnaturally_db.articles' doesn't exist
    at Packet.asError (C:\Codes\dhnaturally\Backend\node_modules\mysql2\lib\packets\packet.js:740:17)
    at Query.execute (C:\Codes\dhnaturally\Backend\node_modules\mysql2\lib\commands\command.js:29:26)
    at PoolConnection.handlePacket (C:\Codes\dhnaturally\Backend\node_modules\mysql2\lib\base\connection.js:475:34)
    at PacketParser.onPacket (C:\Codes\dhnaturally\Backend\node_modules\mysql2\lib\base\connection.js:93:12)
    at PacketParser.executeStart (C:\Codes\dhnaturally\Backend\node_modules\mysql2\lib\packet_parser.js:75:16)
    at Socket.<anonymous> (C:\Codes\dhnaturally\Backend\node_modules\mysql2\lib\base\connection.js:100:25)
    at Socket.emit (node:events:524:28)
    at Socket.emit (node:domain:489:12)
    at addChunk (node:internal/streams/readable:561:12)
    at readableAddChunkPushByteMode (node:internal/streams/readable:512:3)

-----------------------------------------------------

Time: 2.9.2025, 11:30:33
Error: Table 'dhnaturally_db.articles' doesn't exist
Stack: Error: Table 'dhnaturally_db.articles' doesn't exist
    at Packet.asError (C:\Codes\dhnaturally\Backend\node_modules\mysql2\lib\packets\packet.js:740:17)
    at Query.execute (C:\Codes\dhnaturally\Backend\node_modules\mysql2\lib\commands\command.js:29:26)
    at PoolConnection.handlePacket (C:\Codes\dhnaturally\Backend\node_modules\mysql2\lib\base\connection.js:475:34)
    at PacketParser.onPacket (C:\Codes\dhnaturally\Backend\node_modules\mysql2\lib\base\connection.js:93:12)
    at PacketParser.executeStart (C:\Codes\dhnaturally\Backend\node_modules\mysql2\lib\packet_parser.js:75:16)
    at Socket.<anonymous> (C:\Codes\dhnaturally\Backend\node_modules\mysql2\lib\base\connection.js:100:25)
    at Socket.emit (node:events:524:28)
    at Socket.emit (node:domain:489:12)
    at addChunk (node:internal/streams/readable:561:12)
    at readableAddChunkPushByteMode (node:internal/streams/readable:512:3)

-----------------------------------------------------

Time: 2.9.2025, 11:30:33
Error: Table 'dhnaturally_db.articles' doesn't exist
Stack: Error: Table 'dhnaturally_db.articles' doesn't exist
    at Packet.asError (C:\Codes\dhnaturally\Backend\node_modules\mysql2\lib\packets\packet.js:740:17)
    at Query.execute (C:\Codes\dhnaturally\Backend\node_modules\mysql2\lib\commands\command.js:29:26)
    at PoolConnection.handlePacket (C:\Codes\dhnaturally\Backend\node_modules\mysql2\lib\base\connection.js:475:34)
    at PacketParser.onPacket (C:\Codes\dhnaturally\Backend\node_modules\mysql2\lib\base\connection.js:93:12)
    at PacketParser.executeStart (C:\Codes\dhnaturally\Backend\node_modules\mysql2\lib\packet_parser.js:75:16)
    at Socket.<anonymous> (C:\Codes\dhnaturally\Backend\node_modules\mysql2\lib\base\connection.js:100:25)
    at Socket.emit (node:events:524:28)
    at Socket.emit (node:domain:489:12)
    at addChunk (node:internal/streams/readable:561:12)
    at readableAddChunkPushByteMode (node:internal/streams/readable:512:3)

-----------------------------------------------------

Time: 2.9.2025, 11:33:06
Error: Cannot read properties of undefined (reading 'length')
Stack: TypeError: Cannot read properties of undefined (reading 'length')
    at ArticleService.getArticleById (C:\Codes\dhnaturally\Backend\src\4-services\article-service.ts:48:19)
    at processTicksAndRejections (node:internal/process/task_queues:105:5)
    at async getArticleById (C:\Codes\dhnaturally\Backend\src\5-controllers\article-controller.ts:28:29)

-----------------------------------------------------

Time: 2.9.2025, 11:33:07
Error: Cannot read properties of undefined (reading 'length')
Stack: TypeError: Cannot read properties of undefined (reading 'length')
    at ArticleService.getArticleById (C:\Codes\dhnaturally\Backend\src\4-services\article-service.ts:48:19)
    at processTicksAndRejections (node:internal/process/task_queues:105:5)
    at async getArticleById (C:\Codes\dhnaturally\Backend\src\5-controllers\article-controller.ts:28:29)

-----------------------------------------------------

Time: 2.9.2025, 11:34:18
Error: Cannot read properties of undefined (reading 'length')
Stack: TypeError: Cannot read properties of undefined (reading 'length')
    at ArticleService.getArticleById (C:\Codes\dhnaturally\Backend\src\4-services\article-service.ts:48:19)
    at processTicksAndRejections (node:internal/process/task_queues:105:5)
    at async getArticleById (C:\Codes\dhnaturally\Backend\src\5-controllers\article-controller.ts:28:29)

-----------------------------------------------------

Time: 2.9.2025, 11:34:18
Error: Cannot read properties of undefined (reading 'length')
Stack: TypeError: Cannot read properties of undefined (reading 'length')
    at ArticleService.getArticleById (C:\Codes\dhnaturally\Backend\src\4-services\article-service.ts:48:19)
    at processTicksAndRejections (node:internal/process/task_queues:105:5)
    at async getArticleById (C:\Codes\dhnaturally\Backend\src\5-controllers\article-controller.ts:28:29)

-----------------------------------------------------

Time: 2.9.2025, 11:35:37
Error: Article with id similia-similibus-curenter not found

-----------------------------------------------------

Time: 2.9.2025, 11:35:37
Error: Article with id similia-similibus-curenter not found

-----------------------------------------------------

Time: 2.9.2025, 11:36:00
Error: Article with id similia-similibus-curenter not found

-----------------------------------------------------

Time: 2.9.2025, 11:36:00
Error: Article with id similia-similibus-curenter not found

-----------------------------------------------------

Time: 2.9.2025, 11:37:19
Error: Article with id similia-similibus-curenter not found

-----------------------------------------------------

Time: 2.9.2025, 11:37:19
Error: Article with id similia-similibus-curenter not found

-----------------------------------------------------

Time: 2.9.2025, 11:38:20
Error: Article with id similia-similibus-curenter not found

-----------------------------------------------------

Time: 2.9.2025, 11:38:20
Error: Article with id similia-similibus-curenter not found

-----------------------------------------------------

Time: 2.9.2025, 12:08:38
Error: Article with id similia-similibus-curenter not found

-----------------------------------------------------

Time: 2.9.2025, 12:08:38
Error: Article with id similia-similibus-curenter not found

-----------------------------------------------------

Time: 2.9.2025, 12:08:40
Error: Article with id similia-similibus-curenter not found

-----------------------------------------------------

Time: 2.9.2025, 12:08:40
Error: Article with id similia-similibus-curenter not found

-----------------------------------------------------

Time: 2.9.2025, 12:08:41
Error: Article with id similia-similibus-curenter not found

-----------------------------------------------------

Time: 2.9.2025, 12:08:41
Error: Article with id similia-similibus-curenter not found

-----------------------------------------------------

Time: 2.9.2025, 12:09:16
Error: Article with id similia-similibus-curenter not found

-----------------------------------------------------

Time: 2.9.2025, 12:09:16
Error: Article with id similia-similibus-curenter not found

-----------------------------------------------------

Time: 2.9.2025, 12:10:55
Error: Unknown column 'slug' in 'where clause'
Stack: Error: Unknown column 'slug' in 'where clause'
    at Packet.asError (C:\Codes\dhnaturally\Backend\node_modules\mysql2\lib\packets\packet.js:740:17)
    at Query.execute (C:\Codes\dhnaturally\Backend\node_modules\mysql2\lib\commands\command.js:29:26)
    at PoolConnection.handlePacket (C:\Codes\dhnaturally\Backend\node_modules\mysql2\lib\base\connection.js:475:34)
    at PacketParser.onPacket (C:\Codes\dhnaturally\Backend\node_modules\mysql2\lib\base\connection.js:93:12)
    at PacketParser.executeStart (C:\Codes\dhnaturally\Backend\node_modules\mysql2\lib\packet_parser.js:75:16)
    at Socket.<anonymous> (C:\Codes\dhnaturally\Backend\node_modules\mysql2\lib\base\connection.js:100:25)
    at Socket.emit (node:events:524:28)
    at Socket.emit (node:domain:489:12)
    at addChunk (node:internal/streams/readable:561:12)
    at readableAddChunkPushByteMode (node:internal/streams/readable:512:3)

-----------------------------------------------------

Time: 2.9.2025, 12:10:55
Error: Unknown column 'slug' in 'where clause'
Stack: Error: Unknown column 'slug' in 'where clause'
    at Packet.asError (C:\Codes\dhnaturally\Backend\node_modules\mysql2\lib\packets\packet.js:740:17)
    at Query.execute (C:\Codes\dhnaturally\Backend\node_modules\mysql2\lib\commands\command.js:29:26)
    at PoolConnection.handlePacket (C:\Codes\dhnaturally\Backend\node_modules\mysql2\lib\base\connection.js:475:34)
    at PacketParser.onPacket (C:\Codes\dhnaturally\Backend\node_modules\mysql2\lib\base\connection.js:93:12)
    at PacketParser.executeStart (C:\Codes\dhnaturally\Backend\node_modules\mysql2\lib\packet_parser.js:75:16)
    at Socket.<anonymous> (C:\Codes\dhnaturally\Backend\node_modules\mysql2\lib\base\connection.js:100:25)
    at Socket.emit (node:events:524:28)
    at Socket.emit (node:domain:489:12)
    at addChunk (node:internal/streams/readable:561:12)
    at readableAddChunkPushByteMode (node:internal/streams/readable:512:3)

-----------------------------------------------------

Time: 2.9.2025, 12:12:44
Error: Unknown column 'slug' in 'where clause'
Stack: Error: Unknown column 'slug' in 'where clause'
    at Packet.asError (C:\Codes\dhnaturally\Backend\node_modules\mysql2\lib\packets\packet.js:740:17)
    at Query.execute (C:\Codes\dhnaturally\Backend\node_modules\mysql2\lib\commands\command.js:29:26)
    at PoolConnection.handlePacket (C:\Codes\dhnaturally\Backend\node_modules\mysql2\lib\base\connection.js:475:34)
    at PacketParser.onPacket (C:\Codes\dhnaturally\Backend\node_modules\mysql2\lib\base\connection.js:93:12)
    at PacketParser.executeStart (C:\Codes\dhnaturally\Backend\node_modules\mysql2\lib\packet_parser.js:75:16)
    at Socket.<anonymous> (C:\Codes\dhnaturally\Backend\node_modules\mysql2\lib\base\connection.js:100:25)
    at Socket.emit (node:events:524:28)
    at Socket.emit (node:domain:489:12)
    at addChunk (node:internal/streams/readable:561:12)
    at readableAddChunkPushByteMode (node:internal/streams/readable:512:3)

-----------------------------------------------------

Time: 2.9.2025, 12:12:44
Error: Unknown column 'slug' in 'where clause'
Stack: Error: Unknown column 'slug' in 'where clause'
    at Packet.asError (C:\Codes\dhnaturally\Backend\node_modules\mysql2\lib\packets\packet.js:740:17)
    at Query.execute (C:\Codes\dhnaturally\Backend\node_modules\mysql2\lib\commands\command.js:29:26)
    at PoolConnection.handlePacket (C:\Codes\dhnaturally\Backend\node_modules\mysql2\lib\base\connection.js:475:34)
    at PacketParser.onPacket (C:\Codes\dhnaturally\Backend\node_modules\mysql2\lib\base\connection.js:93:12)
    at PacketParser.executeStart (C:\Codes\dhnaturally\Backend\node_modules\mysql2\lib\packet_parser.js:75:16)
    at Socket.<anonymous> (C:\Codes\dhnaturally\Backend\node_modules\mysql2\lib\base\connection.js:100:25)
    at Socket.emit (node:events:524:28)
    at Socket.emit (node:domain:489:12)
    at addChunk (node:internal/streams/readable:561:12)
    at readableAddChunkPushByteMode (node:internal/streams/readable:512:3)

-----------------------------------------------------

Time: 2.9.2025, 12:12:49
Error: Unknown column 'slug' in 'where clause'
Stack: Error: Unknown column 'slug' in 'where clause'
    at Packet.asError (C:\Codes\dhnaturally\Backend\node_modules\mysql2\lib\packets\packet.js:740:17)
    at Query.execute (C:\Codes\dhnaturally\Backend\node_modules\mysql2\lib\commands\command.js:29:26)
    at PoolConnection.handlePacket (C:\Codes\dhnaturally\Backend\node_modules\mysql2\lib\base\connection.js:475:34)
    at PacketParser.onPacket (C:\Codes\dhnaturally\Backend\node_modules\mysql2\lib\base\connection.js:93:12)
    at PacketParser.executeStart (C:\Codes\dhnaturally\Backend\node_modules\mysql2\lib\packet_parser.js:75:16)
    at Socket.<anonymous> (C:\Codes\dhnaturally\Backend\node_modules\mysql2\lib\base\connection.js:100:25)
    at Socket.emit (node:events:524:28)
    at Socket.emit (node:domain:489:12)
    at addChunk (node:internal/streams/readable:561:12)
    at readableAddChunkPushByteMode (node:internal/streams/readable:512:3)

-----------------------------------------------------

Time: 2.9.2025, 12:12:49
Error: Unknown column 'slug' in 'where clause'
Stack: Error: Unknown column 'slug' in 'where clause'
    at Packet.asError (C:\Codes\dhnaturally\Backend\node_modules\mysql2\lib\packets\packet.js:740:17)
    at Query.execute (C:\Codes\dhnaturally\Backend\node_modules\mysql2\lib\commands\command.js:29:26)
    at PoolConnection.handlePacket (C:\Codes\dhnaturally\Backend\node_modules\mysql2\lib\base\connection.js:475:34)
    at PacketParser.onPacket (C:\Codes\dhnaturally\Backend\node_modules\mysql2\lib\base\connection.js:93:12)
    at PacketParser.executeStart (C:\Codes\dhnaturally\Backend\node_modules\mysql2\lib\packet_parser.js:75:16)
    at Socket.<anonymous> (C:\Codes\dhnaturally\Backend\node_modules\mysql2\lib\base\connection.js:100:25)
    at Socket.emit (node:events:524:28)
    at Socket.emit (node:domain:489:12)
    at addChunk (node:internal/streams/readable:561:12)
    at readableAddChunkPushByteMode (node:internal/streams/readable:512:3)

-----------------------------------------------------

Time: 2.9.2025, 12:27:34
Error: Article with id similia-similibus-curenter not found

-----------------------------------------------------

Time: 2.9.2025, 12:27:34
Error: Article with id similia-similibus-curenter not found

-----------------------------------------------------

Time: 2.9.2025, 12:29:11
Error: Article with id similia-similibus-curenter not found

-----------------------------------------------------

Time: 2.9.2025, 12:29:11
Error: Article with id similia-similibus-curenter not found

-----------------------------------------------------

Time: 2.9.2025, 12:41:11
Error: Article with id similia-similibus-curenter not found

-----------------------------------------------------

Time: 2.9.2025, 12:41:11
Error: Article with id similia-similibus-curenter not found

-----------------------------------------------------

Time: 2.9.2025, 12:41:24
Error: Article with id 1 not found

-----------------------------------------------------

Time: 2.9.2025, 12:41:24
Error: Article with id 1 not found

-----------------------------------------------------

Time: 2.9.2025, 12:45:24
Error: Route /api/products/images/article.png not found.

-----------------------------------------------------

Time: 2.9.2025, 12:58:39
Error: "id" is not allowed

-----------------------------------------------------

Time: 2.9.2025, 13:13:10
Error: "id" is not allowed

-----------------------------------------------------

Time: 2.9.2025, 13:14:49
Error: "id" is not allowed

-----------------------------------------------------

Time: 2.9.2025, 13:16:17
Error: Unknown column 'isActive' in 'where clause'
Stack: Error: Unknown column 'isActive' in 'where clause'
    at Packet.asError (C:\Codes\dhnaturally\Backend\node_modules\mysql2\lib\packets\packet.js:740:17)
    at Query.execute (C:\Codes\dhnaturally\Backend\node_modules\mysql2\lib\commands\command.js:29:26)
    at PoolConnection.handlePacket (C:\Codes\dhnaturally\Backend\node_modules\mysql2\lib\base\connection.js:475:34)
    at PacketParser.onPacket (C:\Codes\dhnaturally\Backend\node_modules\mysql2\lib\base\connection.js:93:12)
    at PacketParser.executeStart (C:\Codes\dhnaturally\Backend\node_modules\mysql2\lib\packet_parser.js:75:16)
    at Socket.<anonymous> (C:\Codes\dhnaturally\Backend\node_modules\mysql2\lib\base\connection.js:100:25)
    at Socket.emit (node:events:524:28)
    at Socket.emit (node:domain:489:12)
    at addChunk (node:internal/streams/readable:561:12)
    at readableAddChunkPushByteMode (node:internal/streams/readable:512:3)

-----------------------------------------------------

Time: 2.9.2025, 13:16:45
Error: "id" is not allowed

-----------------------------------------------------

Time: 2.9.2025, 13:16:51
Error: Unknown column 'isActive' in 'where clause'
Stack: Error: Unknown column 'isActive' in 'where clause'
    at Packet.asError (C:\Codes\dhnaturally\Backend\node_modules\mysql2\lib\packets\packet.js:740:17)
    at Query.execute (C:\Codes\dhnaturally\Backend\node_modules\mysql2\lib\commands\command.js:29:26)
    at PoolConnection.handlePacket (C:\Codes\dhnaturally\Backend\node_modules\mysql2\lib\base\connection.js:475:34)
    at PacketParser.onPacket (C:\Codes\dhnaturally\Backend\node_modules\mysql2\lib\base\connection.js:93:12)
    at PacketParser.executeStart (C:\Codes\dhnaturally\Backend\node_modules\mysql2\lib\packet_parser.js:75:16)
    at Socket.<anonymous> (C:\Codes\dhnaturally\Backend\node_modules\mysql2\lib\base\connection.js:100:25)
    at Socket.emit (node:events:524:28)
    at Socket.emit (node:domain:489:12)
    at addChunk (node:internal/streams/readable:561:12)
    at readableAddChunkPushByteMode (node:internal/streams/readable:512:3)

-----------------------------------------------------

Time: 2.9.2025, 13:17:12
Error: Unknown column 'isActive' in 'where clause'
Stack: Error: Unknown column 'isActive' in 'where clause'
    at Packet.asError (C:\Codes\dhnaturally\Backend\node_modules\mysql2\lib\packets\packet.js:740:17)
    at Query.execute (C:\Codes\dhnaturally\Backend\node_modules\mysql2\lib\commands\command.js:29:26)
    at PoolConnection.handlePacket (C:\Codes\dhnaturally\Backend\node_modules\mysql2\lib\base\connection.js:475:34)
    at PacketParser.onPacket (C:\Codes\dhnaturally\Backend\node_modules\mysql2\lib\base\connection.js:93:12)
    at PacketParser.executeStart (C:\Codes\dhnaturally\Backend\node_modules\mysql2\lib\packet_parser.js:75:16)
    at Socket.<anonymous> (C:\Codes\dhnaturally\Backend\node_modules\mysql2\lib\base\connection.js:100:25)
    at Socket.emit (node:events:524:28)
    at Socket.emit (node:domain:489:12)
    at addChunk (node:internal/streams/readable:561:12)
    at readableAddChunkPushByteMode (node:internal/streams/readable:512:3)

-----------------------------------------------------

Time: 2.9.2025, 13:47:31
Error: Route /api/products/images/consultation.png not found.

-----------------------------------------------------

Time: 2.9.2025, 13:48:52
Error: Route /api/products/images/consultation.png not found.

-----------------------------------------------------

Time: 2.9.2025, 13:49:05
Error: Route /api/products/images/consultation.png not found.

-----------------------------------------------------

Time: 2.9.2025, 13:56:44
Error: Route /api/products/images/consultation.png not found.

-----------------------------------------------------

Time: 2.9.2025, 13:56:52
Error: Route /api/products/images/consultation.png not found.

-----------------------------------------------------

Time: 2.9.2025, 13:59:10
Error: Route /api/products/images/makingMeds.png not found.

-----------------------------------------------------

Time: 2.9.2025, 13:59:13
Error: Route /api/products/images/makingMeds.png not found.

-----------------------------------------------------

Time: 3.9.2025, 1:36:46
Error: Route /api/products/images/article.png not found.

-----------------------------------------------------

Time: 3.9.2025, 1:37:03
Error: Route /api/products/images/article.png not found.

-----------------------------------------------------

Time: 3.9.2025, 1:39:05
Error: Route /api/products/images/article.png not found.

-----------------------------------------------------

Time: 3.9.2025, 1:41:34
Error: Route /api/products/images/article.png not found.

-----------------------------------------------------

Time: 3.9.2025, 1:41:44
Error: Route /api/products/images/article.png not found.

-----------------------------------------------------

